<?xml version="1.0" encoding="UTF-8"?>
<testng-results ignored="0" total="1" passed="1" failed="0" skipped="0">
  <reporter-output>
  </reporter-output>
  <suite started-at="2021-04-06T19:31:58 EDT" name="Default suite" finished-at="2021-04-06T19:32:41 EDT" duration-ms="43193">
    <groups>
    </groups>
    <test started-at="2021-04-06T19:31:58 EDT" name="Default test" finished-at="2021-04-06T19:32:41 EDT" duration-ms="43193">
      <class name="org.mindtree.equifax.amazon.home.TestSearchAndCheckoutFlow">
        <test-method is-config="true" signature="setUp()[pri:0, instance:org.mindtree.equifax.amazon.home.TestSearchAndCheckoutFlow@3cc1435c]" started-at="2021-04-06T19:31:58 EDT" name="setUp" finished-at="2021-04-06T19:32:04 EDT" duration-ms="5854" status="PASS">
          <reporter-output>
          </reporter-output>
        </test-method> <!-- setUp -->
        <test-method signature="testSearch()[pri:1, instance:org.mindtree.equifax.amazon.home.TestSearchAndCheckoutFlow@3cc1435c]" started-at="2021-04-06T19:32:04 EDT" name="testSearch" description="Open the Amazon Home Page" finished-at="2021-04-06T19:32:31 EDT" duration-ms="27235" status="PASS">
          <reporter-output>
          </reporter-output>
        </test-method> <!-- testSearch -->
        <test-method is-config="true" signature="tearDown()[pri:0, instance:org.mindtree.equifax.amazon.home.TestSearchAndCheckoutFlow@3cc1435c]" started-at="2021-04-06T19:32:31 EDT" name="tearDown" finished-at="2021-04-06T19:32:41 EDT" duration-ms="10068" status="PASS">
          <reporter-output>
          </reporter-output>
        </test-method> <!-- tearDown -->
      </class> <!-- org.mindtree.equifax.amazon.home.TestSearchAndCheckoutFlow -->
    </test> <!-- Default test -->
  </suite> <!-- Default suite -->
</testng-results>
